 
****************************************
Report : area
Design : rca_fresh
Version: T-2022.03-SP5
Date   : Tue Sep  5 22:32:39 2023
****************************************

Library(s) Used:

    asap7 (File: /usr/local/eda/synLibs/asap7/7nm/db/asap7.db)

Number of ports:                           15
Number of nets:                            50
Number of cells:                           40
Number of combinational cells:             27
Number of sequential cells:                13
Number of macros/black boxes:               0
Number of buf/inv:                          6
Number of references:                      16

Combinational area:                 38.257920
Buf/Inv area:                        4.432320
Noncombinational area:              78.848639
Macro/Black Box area:                0.000000
Net Interconnect area:      undefined  (No wire load specified)

Total cell area:                   117.106559
Total area:                 undefined

Hierarchical area distribution
------------------------------

                                  Global cell area          Local cell area
                                  ------------------  --------------------------- 
Hierarchical cell                 Absolute   Percent  Combi-    Noncombi-  Black-
                                  Total      Total    national  national   boxes   Design
--------------------------------  ---------  -------  --------  ---------  ------  ---------
rca_fresh                          117.1066    100.0   38.2579    78.8486  0.0000  rca_fresh
--------------------------------  ---------  -------  --------  ---------  ------  ---------
Total                                                  38.2579    78.8486  0.0000

1
