Loading db file '/usr/local/eda/synLibs/asap7/7nm/db/asap7.db'
Information: Propagating switching activity (low effort zero delay simulation). (PWR-6)
Warning: Design has unannotated primary inputs. (PWR-414)
Warning: Design has unannotated sequential cell outputs. (PWR-415)
 
****************************************
Report : power
        -hier
        -analysis_effort low
Design : rca_fresh
Version: T-2022.03-SP5
Date   : Tue Sep  5 22:29:30 2023
****************************************


Library(s) Used:

    asap7 (File: /usr/local/eda/synLibs/asap7/7nm/db/asap7.db)


Operating Conditions: PVT_0P7V_25C   Library: asap7
Wire Load Model Mode: top


Global Operating Voltage = 0.7  
Power-specific unit information :
    Voltage Units = 1V
    Capacitance Units = 1.000000ff
    Time Units = 1ps
    Dynamic Power Units = 1mW    (derived from V,C,T units)
    Leakage Power Units = 1pW


--------------------------------------------------------------------------------
                                       Switch   Int      Leak     Total
Hierarchy                              Power    Power    Power    Power    %
--------------------------------------------------------------------------------
rca_fresh                              6.29e-03    0.102 6.72e+03    0.108 100.0
  reg_sum[4].reg_sum (myreg_1)         8.37e-05 7.32e-03  337.967 7.40e-03   6.8
  reg_sum[3].reg_sum (myreg_2)         1.23e-04 7.68e-03  338.494 7.80e-03   7.2
  reg_sum[2].reg_sum (myreg_3)         1.20e-04 7.64e-03  338.736 7.76e-03   7.2
  reg_sum[1].reg_sum (myreg_4)         1.13e-04 7.58e-03  338.498 7.70e-03   7.1
  reg_sum[0].reg_sum (myreg_5)         9.21e-05 7.39e-03  338.347 7.48e-03   6.9
  rega_regb_fas[3].fa (fulladder_1)    6.68e-04 6.29e-04  434.249 1.30e-03   1.2
  rega_regb_fas[3].reg_b (myreg_6)     2.53e-04 7.63e-03  343.233 7.88e-03   7.3
  rega_regb_fas[3].reg_a (myreg_7)     2.58e-04 7.65e-03  343.218 7.91e-03   7.3
  rega_regb_fas[2].fa (fulladder_2)    1.33e-03 8.95e-04  641.456 2.23e-03   2.1
  rega_regb_fas[2].reg_b (myreg_8)     2.53e-04 7.65e-03  343.199 7.90e-03   7.3
  rega_regb_fas[2].reg_a (myreg_9)     2.55e-04 7.66e-03  343.197 7.91e-03   7.3
  rega_regb_fas[1].fa (fulladder_3)    1.00e-03 1.04e-03  689.797 2.05e-03   1.9
  rega_regb_fas[1].reg_b (myreg_10)    2.51e-04 7.69e-03  343.135 7.94e-03   7.3
  rega_regb_fas[1].reg_a (myreg_11)    2.52e-04 7.65e-03  343.195 7.90e-03   7.3
  rega_regb_fas[0].fa (fulladder_0)    7.35e-04 3.95e-04  511.216 1.13e-03   1.0
  rega_regb_fas[0].reg_b (myreg_12)    2.51e-04 7.65e-03  343.194 7.90e-03   7.3
  rega_regb_fas[0].reg_a (myreg_0)     2.49e-04 7.64e-03  343.201 7.88e-03   7.3
1
