Information: Updating design information... (UID-85)
 
****************************************
Report : timing
        -path full
        -delay max
        -max_paths 1
Design : rca_fresh
Version: T-2022.03-SP5
Date   : Tue Sep  5 22:29:29 2023
****************************************

Operating Conditions: PVT_0P7V_25C   Library: asap7
Wire Load Model Mode: top

  Startpoint: rega_regb_fas[1].reg_b/Q_reg
              (rising edge-triggered flip-flop clocked by clk)
  Endpoint: reg_sum[4].reg_sum/Q_reg
            (rising edge-triggered flip-flop clocked by clk)
  Path Group: clk
  Path Type: max

  Point                                                   Incr       Path
  --------------------------------------------------------------------------
  clock clk (rise edge)                                   0.00       0.00
  clock network delay (ideal)                             0.00       0.00
  rega_regb_fas[1].reg_b/Q_reg/CLK (ASYNC_DFFHx1_ASAP7_75t_R)
                                                          0.00       0.00 r
  rega_regb_fas[1].reg_b/Q_reg/QN (ASYNC_DFFHx1_ASAP7_75t_R)
                                                         52.72      52.72 f
  rega_regb_fas[1].reg_b/Q (myreg_10)                     0.00      52.72 f
  rega_regb_fas[1].fa/b (fulladder_3)                     0.00      52.72 f
  rega_regb_fas[1].fa/U2/Y (XNOR2xp5_ASAP7_75t_R)        31.50      84.21 f
  rega_regb_fas[1].fa/U5/Y (AOI22x1_ASAP7_75t_R)         22.17     106.38 r
  rega_regb_fas[1].fa/cout (fulladder_3)                  0.00     106.38 r
  rega_regb_fas[2].fa/cin (fulladder_2)                   0.00     106.38 r
  rega_regb_fas[2].fa/U6/Y (INVx2_ASAP7_75t_R)           10.88     117.26 f
  rega_regb_fas[2].fa/U7/Y (AOI22x1_ASAP7_75t_R)         16.03     133.29 r
  rega_regb_fas[2].fa/cout (fulladder_2)                  0.00     133.29 r
  rega_regb_fas[3].fa/cin (fulladder_1)                   0.00     133.29 r
  rega_regb_fas[3].fa/U5/Y (INVx1_ASAP7_75t_R)            9.70     142.99 f
  rega_regb_fas[3].fa/U1/Y (AOI22xp5_ASAP7_75t_R)        17.76     160.75 r
  rega_regb_fas[3].fa/cout (fulladder_1)                  0.00     160.75 r
  reg_sum[4].reg_sum/D (myreg_1)                          0.00     160.75 r
  reg_sum[4].reg_sum/U4/Y (INVx1_ASAP7_75t_R)             9.17     169.93 f
  reg_sum[4].reg_sum/Q_reg/D (ASYNC_DFFHx1_ASAP7_75t_R)
                                                          0.00     169.93 f
  data arrival time                                                169.93

  clock clk (rise edge)                                 185.00     185.00
  clock network delay (ideal)                             0.00     185.00
  reg_sum[4].reg_sum/Q_reg/CLK (ASYNC_DFFHx1_ASAP7_75t_R)
                                                          0.00     185.00 r
  library setup time                                    -14.51     170.49
  data required time                                               170.49
  --------------------------------------------------------------------------
  data required time                                               170.49
  data arrival time                                               -169.93
  --------------------------------------------------------------------------
  slack (MET)                                                        0.56


1
