 
****************************************
Report : qor
Design : VendingMachine
Version: T-2022.03-SP5
Date   : Sat Sep  9 14:49:19 2023
****************************************


  Timing Path Group 'clk'
  -----------------------------------
  Levels of Logic:               3.00
  Critical Path Length:        126.95
  Critical Path Slack:          36.65
  Critical Path Clk Period:    185.00
  Total Negative Slack:          0.00
  No. of Violating Paths:        0.00
  Worst Hold Violation:          0.00
  Total Hold Violation:          0.00
  No. of Hold Violations:        0.00
  -----------------------------------


  Cell Count
  -----------------------------------
  Hierarchical Cell Count:          0
  Hierarchical Port Count:          0
  Leaf Cell Count:                 16
  Buf/Inv Cell Count:               3
  Buf Cell Count:                   0
  Inv Cell Count:                   3
  CT Buf/Inv Cell Count:            0
  Combinational Cell Count:        14
  Sequential Cell Count:            2
  Macro Count:                      0
  -----------------------------------


  Area
  -----------------------------------
  Combinational Area:       14.929920
  Noncombinational Area:    12.130560
  Buf/Inv Area:              2.099520
  Total Buffer Area:             0.00
  Total Inverter Area:           2.10
  Macro/Black Box Area:      0.000000
  Net Area:                  0.000000
  -----------------------------------
  Cell Area:                27.060480
  Design Area:              27.060480


  Design Rules
  -----------------------------------
  Total Number of Nets:            26
  Nets With Violations:             0
  Max Trans Violations:             0
  Max Cap Violations:               0
  -----------------------------------


  Hostname: dagobah.ceid.upatras.gr

  Compile CPU Statistics
  -----------------------------------------
  Resource Sharing:                    0.04
  Logic Optimization:                  0.12
  Mapping Optimization:                0.94
  -----------------------------------------
  Overall Compile Time:                7.36
  Overall Compile Wall Clock Time:     7.70

  --------------------------------------------------------------------

  Design  WNS: 0.00  TNS: 0.00  Number of Violating Paths: 0


  Design (Hold)  WNS: 0.00  TNS: 0.00  Number of Violating Paths: 0

  --------------------------------------------------------------------


1
