Information: Updating design information... (UID-85)
 
****************************************
Report : timing
        -path full
        -delay max
        -max_paths 1
Design : rca
Version: T-2022.03-SP5
Date   : Sat Sep  9 13:35:12 2023
****************************************

Operating Conditions: PVT_0P7V_25C   Library: asap7
Wire Load Model Mode: top

  Startpoint: rega_regb_fas[0].reg_a/Q_reg
              (rising edge-triggered flip-flop clocked by clk)
  Endpoint: reg_sum[1].reg_sum/Q_reg
            (rising edge-triggered flip-flop clocked by clk)
  Path Group: clk
  Path Type: max

  Point                                                   Incr       Path
  --------------------------------------------------------------------------
  clock clk (rise edge)                                   0.00       0.00
  clock network delay (ideal)                             0.00       0.00
  rega_regb_fas[0].reg_a/Q_reg/CLK (ASYNC_DFFHx1_ASAP7_75t_R)
                                                          0.00       0.00 r
  rega_regb_fas[0].reg_a/Q_reg/QN (ASYNC_DFFHx1_ASAP7_75t_R)
                                                         49.25      49.25 r
  U22/Y (NOR2xp33_ASAP7_75t_R)                           22.41      71.66 f
  U38/Y (INVxp33_ASAP7_75t_R)                            36.23     107.89 r
  U39/SN (FAx1_ASAP7_75t_R)                              46.32     154.21 f
  reg_sum[1].reg_sum/Q_reg/D (ASYNC_DFFHx1_ASAP7_75t_R)
                                                          0.00     154.21 f
  data arrival time                                                154.21

  clock clk (rise edge)                                 180.00     180.00
  clock network delay (ideal)                             0.00     180.00
  reg_sum[1].reg_sum/Q_reg/CLK (ASYNC_DFFHx1_ASAP7_75t_R)
                                                          0.00     180.00 r
  library setup time                                    -19.34     160.66
  data required time                                               160.66
  --------------------------------------------------------------------------
  data required time                                               160.66
  data arrival time                                               -154.21
  --------------------------------------------------------------------------
  slack (MET)                                                        6.45


1
