 
****************************************
Report : area
Design : accumulator
Version: T-2022.03-SP5
Date   : Sat Sep  9 14:02:26 2023
****************************************

Library(s) Used:

    asap7 (File: /usr/local/eda/synLibs/asap7/7nm/db/asap7.db)

Number of ports:                           32
Number of nets:                           148
Number of cells:                          124
Number of combinational cells:             88
Number of sequential cells:                36
Number of macros/black boxes:               0
Number of buf/inv:                         21
Number of references:                      30

Combinational area:                124.571518
Buf/Inv area:                       16.329600
Noncombinational area:             218.350079
Macro/Black Box area:                0.000000
Net Interconnect area:      undefined  (No wire load specified)

Total cell area:                   342.921597
Total area:                 undefined

Hierarchical area distribution
------------------------------

                                  Global cell area          Local cell area
                                  ------------------  --------------------------- 
Hierarchical cell                 Absolute   Percent  Combi-    Noncombi-  Black-
                                  Total      Total    national  national   boxes   Design
--------------------------------  ---------  -------  --------  ---------  ------  ---------
accumulator                        342.9216    100.0  124.5715   218.3501  0.0000  accumulator
--------------------------------  ---------  -------  --------  ---------  ------  ---------
Total                                                 124.5715   218.3501  0.0000

1
