#! /c/iverilog/bin/vvp
:ivl_version "0.9.7 " "(v0_9_7)";
:vpi_time_precision + 0;
:vpi_module "system";
:vpi_module "v2005_math";
:vpi_module "va_math";
S_011815F0 .scope module, "myreg" "myreg" 2 1;
 .timescale 0 0;
v011844D0_0 .net "D", 0 0, C4<z>; 0 drivers
v01185140_0 .var "Q", 0 0;
v01185198_0 .net "clk", 0 0, C4<z>; 0 drivers
v0118E568_0 .net "rst", 0 0, C4<z>; 0 drivers
E_01091530 .event posedge, v0118E568_0, v01185198_0;
    .scope S_011815F0;
T_0 ;
    %wait E_01091530;
    %load/v 8, v0118E568_0, 1;
    %jmp/0xz  T_0.0, 8;
    %ix/load 0, 1, 0;
    %assign/v0 v01185140_0, 0, 0;
    %jmp T_0.1;
T_0.0 ;
    %load/v 8, v011844D0_0, 1;
    %ix/load 0, 1, 0;
    %assign/v0 v01185140_0, 0, 8;
T_0.1 ;
    %jmp T_0;
    .thread T_0;
# The file index is used to find the file name in the following table.
:file_names 3;
    "N/A";
    "<interactive>";
    "myreg.v";
