 
****************************************
Report : area
Design : VendingMachine
Version: T-2022.03-SP5
Date   : Sat Sep  9 14:42:49 2023
****************************************

Library(s) Used:

    asap7 (File: /usr/local/eda/synLibs/asap7/7nm/db/asap7.db)

Number of ports:                           13
Number of nets:                            29
Number of cells:                           19
Number of combinational cells:             17
Number of sequential cells:                 2
Number of macros/black boxes:               0
Number of buf/inv:                          7
Number of references:                      11

Combinational area:                 17.729280
Buf/Inv area:                        4.898880
Noncombinational area:              12.130560
Macro/Black Box area:                0.000000
Net Interconnect area:      undefined  (No wire load specified)

Total cell area:                    29.859840
Total area:                 undefined

Hierarchical area distribution
------------------------------

                                  Global cell area          Local cell area
                                  ------------------  --------------------------- 
Hierarchical cell                 Absolute   Percent  Combi-    Noncombi-  Black-
                                  Total      Total    national  national   boxes   Design
--------------------------------  ---------  -------  --------  ---------  ------  ---------
VendingMachine                      29.8598    100.0   17.7293    12.1306  0.0000  VendingMachine
--------------------------------  ---------  -------  --------  ---------  ------  ---------
Total                                                  17.7293    12.1306  0.0000

1
