Information: Updating design information... (UID-85)
 
****************************************
Report : timing
        -path full
        -delay max
        -max_paths 1
Design : VendingMachine
Version: T-2022.03-SP5
Date   : Sat Sep  9 14:42:49 2023
****************************************

Operating Conditions: PVT_0P7V_25C   Library: asap7
Wire Load Model Mode: top

  Startpoint: state_reg[1]
              (rising edge-triggered flip-flop clocked by clk)
  Endpoint: state_reg[0]
            (rising edge-triggered flip-flop clocked by clk)
  Path Group: clk
  Path Type: max

  Point                                                   Incr       Path
  --------------------------------------------------------------------------
  clock clk (rise edge)                                   0.00       0.00
  clock network delay (ideal)                             0.00       0.00
  state_reg[1]/CLK (ASYNC_DFFHx1_ASAP7_75t_R)             0.00       0.00 r
  state_reg[1]/QN (ASYNC_DFFHx1_ASAP7_75t_R)             54.57      54.57 r
  U30/Y (INVxp67_ASAP7_75t_R)                            18.01      72.58 f
  U22/Y (NAND2xp5_ASAP7_75t_R)                           13.96      86.54 r
  U24/Y (INVx1_ASAP7_75t_R)                               7.33      93.87 f
  U23/Y (AOI221xp5_ASAP7_75t_R)                          19.97     113.84 r
  U20/Y (OAI32xp33_ASAP7_75t_R)                          21.25     135.09 f
  U5/Y (INVx1_ASAP7_75t_R)                               10.94     146.03 r
  state_reg[0]/D (ASYNC_DFFHx1_ASAP7_75t_R)               0.00     146.03 r
  data arrival time                                                146.03

  clock clk (rise edge)                                 185.00     185.00
  clock network delay (ideal)                             0.00     185.00
  state_reg[0]/CLK (ASYNC_DFFHx1_ASAP7_75t_R)             0.00     185.00 r
  library setup time                                    -16.91     168.09
  data required time                                               168.09
  --------------------------------------------------------------------------
  data required time                                               168.09
  data arrival time                                               -146.03
  --------------------------------------------------------------------------
  slack (MET)                                                       22.06


1
